Build started 25/05/2014 00:06:22.
     1>Project "C:\Users\Jake\Documents\Visual Studio 2013\Projects\Mercadin\Mercadin\Mercadin.vcxproj" on node 2 (Build target(s)).
     1>ClCompile:
         C:\Program Files (x86)\Microsoft Visual Studio 12.0\VC\bin\CL.exe /c /ZI /nologo /W3 /WX- /Od /Oy- /D WIN32 /D _DEBUG /D _CONSOLE /D _LIB /D _UNICODE /D UNICODE /Gm /EHsc /RTC1 /MDd /GS /fp:precise /Zc:wchar_t /Zc:forScope /Fo"Debug\\" /Fd"Debug\vc120.pdb" /Gd /TP /analyze- /errorReport:prompt Supermercado.cpp
         Supermercado.cpp
       Link:
         C:\Program Files (x86)\Microsoft Visual Studio 12.0\VC\bin\link.exe /ERRORREPORT:PROMPT /OUT:"C:\Users\Jake\Documents\Visual Studio 2013\Projects\Mercadin\Debug\Mercadin.exe" /INCREMENTAL /NOLOGO kernel32.lib user32.lib gdi32.lib winspool.lib comdlg32.lib advapi32.lib shell32.lib ole32.lib oleaut32.lib uuid.lib odbc32.lib odbccp32.lib /MANIFEST /MANIFESTUAC:"level='asInvoker' uiAccess='false'" /manifest:embed /DEBUG /PDB:"C:\Users\Jake\Documents\Visual Studio 2013\Projects\Mercadin\Debug\Mercadin.pdb" /SUBSYSTEM:CONSOLE /TLBID:1 /DYNAMICBASE /NXCOMPAT /IMPLIB:"C:\Users\Jake\Documents\Visual Studio 2013\Projects\Mercadin\Debug\Mercadin.lib" /MACHINE:X86 Debug\Caixa.obj
         Debug\Carrinho.obj
         Debug\carteira.obj
         Debug\clente.obj
         Debug\clienteEstr.obj
         Debug\ClienteOp.obj
         Debug\produto.obj
         Debug\relogio.obj
         Debug\Source.obj
         Debug\Supermercado.obj
         Debug\Tempo.obj
         Mercadin.vcxproj -> C:\Users\Jake\Documents\Visual Studio 2013\Projects\Mercadin\Debug\Mercadin.exe
     1>Done Building Project "C:\Users\Jake\Documents\Visual Studio 2013\Projects\Mercadin\Mercadin\Mercadin.vcxproj" (Build target(s)).

Build succeeded.

Time Elapsed 00:00:10.45
